<?xml version="1.0" encoding="UTF-8"?>
<coverage generated="1525458898079" clover="3.2.0">
  <project timestamp="1525458898079" name="All files">
    <metrics statements="346" coveredstatements="236" conditionals="177" coveredconditionals="97" methods="99" coveredmethods="65" elements="622" coveredelements="398" complexity="0" loc="346" ncloc="346" packages="6" files="8" classes="8">
      <package name="src">
        <metrics statements="105" coveredstatements="47" conditionals="63" coveredconditionals="16" methods="25" coveredmethods="8"/>
        <file name="log4js.ts" path="/Users/rschultz/dev/github/log4js2/src/log4js.ts">
          <metrics statements="86" coveredstatements="45" conditionals="59" coveredconditionals="16" methods="17" coveredmethods="8"/>
          <line num="1" count="1" type="stmt"/>
          <line num="5" count="1" type="stmt"/>
          <line num="7" count="1" type="stmt"/>
          <line num="8" count="1" type="stmt"/>
          <line num="14" count="1" type="stmt"/>
          <line num="20" count="1" type="stmt"/>
          <line num="21" count="1" type="stmt"/>
          <line num="32" count="1" type="stmt"/>
          <line num="41" count="1" type="stmt"/>
          <line num="43" count="1" type="stmt"/>
          <line num="45" count="1" type="stmt"/>
          <line num="48" count="1" type="stmt"/>
          <line num="56" count="1" type="stmt"/>
          <line num="58" count="1" type="cond" truecount="1" falsecount="1"/>
          <line num="59" count="0" type="stmt"/>
          <line num="60" count="0" type="stmt"/>
          <line num="63" count="1" type="cond" truecount="1" falsecount="1"/>
          <line num="64" count="1" type="stmt"/>
          <line num="68" count="1" type="cond" truecount="2" falsecount="2"/>
          <line num="69" count="0" type="stmt"/>
          <line num="70" count="1" type="cond" truecount="1" falsecount="1"/>
          <line num="71" count="1" type="stmt"/>
          <line num="75" count="1" type="stmt"/>
          <line num="77" count="0" type="stmt"/>
          <line num="89" count="1" type="stmt"/>
          <line num="91" count="1" type="cond" truecount="1" falsecount="1"/>
          <line num="92" count="0" type="stmt"/>
          <line num="95" count="1" type="stmt"/>
          <line num="96" count="1" type="stmt"/>
          <line num="97" count="1" type="cond" truecount="1" falsecount="1"/>
          <line num="110" count="1" type="stmt"/>
          <line num="112" count="0" type="cond" truecount="0" falsecount="2"/>
          <line num="113" count="0" type="stmt"/>
          <line num="116" count="0" type="stmt"/>
          <line num="118" count="0" type="cond" truecount="0" falsecount="4"/>
          <line num="119" count="0" type="stmt"/>
          <line num="122" count="0" type="cond" truecount="0" falsecount="2"/>
          <line num="123" count="0" type="cond" truecount="0" falsecount="2"/>
          <line num="125" count="0" type="stmt"/>
          <line num="141" count="1" type="stmt"/>
          <line num="143" count="0" type="stmt"/>
          <line num="145" count="0" type="stmt"/>
          <line num="147" count="0" type="stmt"/>
          <line num="149" count="0" type="stmt"/>
          <line num="150" count="0" type="stmt"/>
          <line num="152" count="0" type="stmt"/>
          <line num="156" count="0" type="stmt"/>
          <line num="167" count="1" type="stmt"/>
          <line num="169" count="1" type="stmt"/>
          <line num="171" count="0" type="cond" truecount="0" falsecount="3"/>
          <line num="174" count="0" type="cond" truecount="0" falsecount="2"/>
          <line num="175" count="0" type="stmt"/>
          <line num="189" count="1" type="stmt"/>
          <line num="193" count="1" type="cond" truecount="1" falsecount="1"/>
          <line num="194" count="0" type="stmt"/>
          <line num="195" count="1" type="cond" truecount="1" falsecount="1"/>
          <line num="196" count="1" type="stmt"/>
          <line num="200" count="0" type="stmt"/>
          <line num="203" count="0" type="stmt"/>
          <line num="204" count="0" type="cond" truecount="0" falsecount="4"/>
          <line num="205" count="0" type="stmt"/>
          <line num="222" count="1" type="stmt"/>
          <line num="225" count="1" type="cond" truecount="2" falsecount="0"/>
          <line num="226" count="0" type="cond" truecount="0" falsecount="2"/>
          <line num="227" count="0" type="stmt"/>
          <line num="242" count="1" type="stmt"/>
          <line num="245" count="2" type="cond" truecount="2" falsecount="0"/>
          <line num="246" count="1" type="stmt"/>
          <line num="250" count="1" type="cond" truecount="1" falsecount="1"/>
          <line num="252" count="1" type="cond" truecount="1" falsecount="1"/>
          <line num="253" count="0" type="stmt"/>
          <line num="254" count="1" type="cond" truecount="1" falsecount="1"/>
          <line num="256" count="0" type="stmt"/>
          <line num="258" count="0" type="cond" truecount="0" falsecount="2"/>
          <line num="259" count="0" type="stmt"/>
          <line num="263" count="1" type="stmt"/>
          <line num="268" count="1" type="stmt"/>
          <line num="270" count="1" type="stmt"/>
          <line num="284" count="1" type="stmt"/>
          <line num="286" count="0" type="cond" truecount="0" falsecount="2"/>
          <line num="288" count="0" type="cond" truecount="0" falsecount="2"/>
          <line num="289" count="0" type="cond" truecount="0" falsecount="2"/>
          <line num="290" count="0" type="stmt"/>
          <line num="293" count="0" type="stmt"/>
          <line num="294" count="0" type="cond" truecount="0" falsecount="2"/>
          <line num="295" count="0" type="stmt"/>
        </file>
        <file name="marker.ts" path="/Users/rschultz/dev/github/log4js2/src/marker.ts">
          <metrics statements="19" coveredstatements="2" conditionals="4" coveredconditionals="0" methods="8" coveredmethods="0"/>
          <line num="1" count="1" type="stmt"/>
          <line num="10" count="0" type="cond" truecount="0" falsecount="2"/>
          <line num="11" count="0" type="stmt"/>
          <line num="14" count="0" type="stmt"/>
          <line num="18" count="1" type="stmt"/>
          <line num="20" count="0" type="stmt"/>
          <line num="28" count="0" type="stmt"/>
          <line num="36" count="0" type="stmt"/>
          <line num="45" count="0" type="cond" truecount="0" falsecount="2"/>
          <line num="46" count="0" type="stmt"/>
          <line num="49" count="0" type="stmt"/>
          <line num="50" count="0" type="stmt"/>
          <line num="52" count="0" type="stmt"/>
          <line num="61" count="0" type="stmt"/>
          <line num="69" count="0" type="stmt"/>
          <line num="78" count="0" type="stmt"/>
          <line num="80" count="0" type="stmt"/>
          <line num="81" count="0" type="stmt"/>
          <line num="82" count="0" type="stmt"/>
        </file>
      </package>
      <package name="src.appender">
        <metrics statements="9" coveredstatements="2" conditionals="0" coveredconditionals="0" methods="8" coveredmethods="0"/>
        <file name="appender.ts" path="/Users/rschultz/dev/github/log4js2/src/appender/appender.ts">
          <metrics statements="9" coveredstatements="2" conditionals="0" coveredconditionals="0" methods="8" coveredmethods="0"/>
          <line num="2" count="1" type="stmt"/>
          <line num="5" count="1" type="stmt"/>
          <line num="12" count="0" type="stmt"/>
          <line num="25" count="0" type="stmt"/>
          <line num="41" count="0" type="stmt"/>
          <line num="49" count="0" type="stmt"/>
          <line num="57" count="0" type="stmt"/>
          <line num="65" count="0" type="stmt"/>
          <line num="73" count="0" type="stmt"/>
        </file>
      </package>
      <package name="src.const">
        <metrics statements="9" coveredstatements="9" conditionals="2" coveredconditionals="2" methods="1" coveredmethods="1"/>
        <file name="log.level.ts" path="/Users/rschultz/dev/github/log4js2/src/const/log.level.ts">
          <metrics statements="9" coveredstatements="9" conditionals="2" coveredconditionals="2" methods="1" coveredmethods="1"/>
          <line num="1" count="2" type="cond" truecount="2" falsecount="0"/>
          <line num="2" count="2" type="stmt"/>
          <line num="3" count="2" type="stmt"/>
          <line num="4" count="2" type="stmt"/>
          <line num="5" count="2" type="stmt"/>
          <line num="6" count="2" type="stmt"/>
          <line num="7" count="2" type="stmt"/>
          <line num="8" count="2" type="stmt"/>
          <line num="9" count="2" type="stmt"/>
        </file>
      </package>
      <package name="src.layout">
        <metrics statements="186" coveredstatements="151" conditionals="98" coveredconditionals="70" methods="54" coveredmethods="51"/>
        <file name="date.formatter.ts" path="/Users/rschultz/dev/github/log4js2/src/layout/date.formatter.ts">
          <metrics statements="64" coveredstatements="64" conditionals="37" coveredconditionals="37" methods="30" coveredmethods="30"/>
          <line num="3" count="3" type="stmt"/>
          <line num="4" count="3" type="stmt"/>
          <line num="15" count="3" type="cond" truecount="1" falsecount="0"/>
          <line num="17" count="76" type="stmt"/>
          <line num="18" count="76" type="stmt"/>
          <line num="19" count="15" type="stmt"/>
          <line num="22" count="76" type="stmt"/>
          <line num="26" count="3" type="cond" truecount="2" falsecount="0"/>
          <line num="27" count="3" type="stmt"/>
          <line num="28" count="3" type="stmt"/>
          <line num="29" count="3" type="stmt"/>
          <line num="30" count="3" type="stmt"/>
          <line num="31" count="3" type="stmt"/>
          <line num="32" count="3" type="stmt"/>
          <line num="35" count="3" type="stmt"/>
          <line num="43" count="3" type="stmt"/>
          <line num="44" count="3" type="stmt"/>
          <line num="46" count="1" type="stmt"/>
          <line num="47" count="14" type="stmt"/>
          <line num="48" count="4" type="stmt"/>
          <line num="49" count="1" type="stmt"/>
          <line num="50" count="1" type="stmt"/>
          <line num="51" count="10" type="stmt"/>
          <line num="52" count="2" type="stmt"/>
          <line num="53" count="4" type="stmt"/>
          <line num="54" count="2" type="cond" truecount="2" falsecount="0"/>
          <line num="55" count="15" type="cond" truecount="2" falsecount="0"/>
          <line num="56" count="2" type="cond" truecount="2" falsecount="0"/>
          <line num="57" count="2" type="cond" truecount="2" falsecount="0"/>
          <line num="58" count="1" type="stmt"/>
          <line num="59" count="12" type="stmt"/>
          <line num="60" count="1" type="stmt"/>
          <line num="61" count="12" type="stmt"/>
          <line num="62" count="1" type="stmt"/>
          <line num="63" count="12" type="stmt"/>
          <line num="64" count="12" type="stmt"/>
          <line num="65" count="2" type="cond" truecount="2" falsecount="0"/>
          <line num="66" count="2" type="cond" truecount="2" falsecount="0"/>
          <line num="67" count="2" type="cond" truecount="2" falsecount="0"/>
          <line num="68" count="2" type="cond" truecount="2" falsecount="0"/>
          <line num="69" count="2" type="cond" truecount="2" falsecount="0"/>
          <line num="71" count="2" type="cond" truecount="2" falsecount="0"/>
          <line num="72" count="2" type="cond" truecount="2" falsecount="0"/>
          <line num="79" count="49" type="cond" truecount="2" falsecount="0"/>
          <line num="80" count="16" type="stmt"/>
          <line num="83" count="33" type="stmt"/>
          <line num="84" count="33" type="stmt"/>
          <line num="86" count="33" type="stmt"/>
          <line num="91" count="33" type="stmt"/>
          <line num="93" count="108" type="stmt"/>
          <line num="94" count="108" type="stmt"/>
          <line num="96" count="108" type="cond" truecount="2" falsecount="0"/>
          <line num="98" count="108" type="stmt"/>
          <line num="102" count="33" type="stmt"/>
          <line num="104" count="33" type="stmt"/>
          <line num="114" count="3" type="stmt"/>
          <line num="116" count="49" type="cond" truecount="2" falsecount="0"/>
          <line num="117" count="1" type="stmt"/>
          <line num="120" count="49" type="cond" truecount="2" falsecount="0"/>
          <line num="122" count="49" type="stmt"/>
          <line num="123" count="49" type="cond" truecount="2" falsecount="0"/>
          <line num="124" count="4" type="stmt"/>
          <line num="127" count="49" type="stmt"/>
          <line num="128" count="186" type="cond" truecount="2" falsecount="0"/>
        </file>
        <file name="formatter.ts" path="/Users/rschultz/dev/github/log4js2/src/layout/formatter.ts">
          <metrics statements="122" coveredstatements="87" conditionals="61" coveredconditionals="33" methods="24" coveredmethods="21"/>
          <line num="1" count="2" type="stmt"/>
          <line num="2" count="2" type="stmt"/>
          <line num="4" count="2" type="stmt"/>
          <line num="5" count="2" type="stmt"/>
          <line num="9" count="2" type="stmt"/>
          <line num="20" count="0" type="stmt"/>
          <line num="33" count="38" type="stmt"/>
          <line num="36" count="2" type="stmt"/>
          <line num="53" count="2" type="stmt"/>
          <line num="56" count="2" type="stmt"/>
          <line num="67" count="2" type="stmt"/>
          <line num="80" count="4" type="stmt"/>
          <line num="93" count="3" type="stmt"/>
          <line num="95" count="3" type="cond" truecount="1" falsecount="1"/>
          <line num="97" count="3" type="cond" truecount="1" falsecount="1"/>
          <line num="98" count="3" type="stmt"/>
          <line num="99" count="69" type="stmt"/>
          <line num="100" count="0" type="cond" truecount="0" falsecount="4"/>
          <line num="101" count="0" type="stmt"/>
          <line num="106" count="3" type="stmt"/>
          <line num="121" count="2" type="cond" truecount="1" falsecount="1"/>
          <line num="122" count="0" type="stmt"/>
          <line num="125" count="2" type="stmt"/>
          <line num="139" count="2" type="cond" truecount="1" falsecount="1"/>
          <line num="140" count="0" type="stmt"/>
          <line num="143" count="2" type="stmt"/>
          <line num="157" count="0" type="cond" truecount="0" falsecount="2"/>
          <line num="158" count="0" type="stmt"/>
          <line num="161" count="0" type="stmt"/>
          <line num="176" count="3" type="stmt"/>
          <line num="177" count="3" type="cond" truecount="1" falsecount="1"/>
          <line num="179" count="3" type="stmt"/>
          <line num="180" count="3" type="stmt"/>
          <line num="181" count="6" type="cond" truecount="1" falsecount="1"/>
          <line num="182" count="0" type="cond" truecount="0" falsecount="2"/>
          <line num="183" count="0" type="stmt"/>
          <line num="186" count="6" type="stmt"/>
          <line num="190" count="3" type="stmt"/>
          <line num="194" count="0" type="stmt"/>
          <line num="207" count="3" type="stmt"/>
          <line num="219" count="2" type="stmt"/>
          <line num="228" count="1" type="stmt"/>
          <line num="241" count="12" type="stmt"/>
          <line num="244" count="2" type="stmt"/>
          <line num="246" count="2" type="stmt"/>
          <line num="248" count="2" type="stmt"/>
          <line num="250" count="2" type="stmt"/>
          <line num="252" count="2" type="stmt"/>
          <line num="255" count="2" type="stmt"/>
          <line num="270" count="2" type="stmt"/>
          <line num="282" count="2" type="stmt"/>
          <line num="298" count="38" type="cond" truecount="2" falsecount="0"/>
          <line num="299" count="11" type="stmt"/>
          <line num="302" count="27" type="stmt"/>
          <line num="318" count="27" type="stmt"/>
          <line num="319" count="27" type="stmt"/>
          <line num="320" count="27" type="stmt"/>
          <line num="322" count="27" type="cond" truecount="2" falsecount="0"/>
          <line num="323" count="1" type="stmt"/>
          <line num="326" count="27" type="stmt"/>
          <line num="328" count="27" type="stmt"/>
          <line num="329" count="27" type="stmt"/>
          <line num="331" count="27" type="cond" truecount="1" falsecount="1"/>
          <line num="332" count="27" type="stmt"/>
          <line num="334" count="0" type="stmt"/>
          <line num="337" count="27" type="stmt"/>
          <line num="342" count="27" type="stmt"/>
          <line num="344" count="27" type="stmt"/>
          <line num="358" count="27" type="stmt"/>
          <line num="359" count="27" type="cond" truecount="3" falsecount="1"/>
          <line num="361" count="27" type="stmt"/>
          <line num="362" count="27" type="cond" truecount="1" falsecount="1"/>
          <line num="363" count="0" type="stmt"/>
          <line num="366" count="27" type="stmt"/>
          <line num="368" count="27" type="stmt"/>
          <line num="369" count="27" type="stmt"/>
          <line num="370" count="27" type="cond" truecount="2" falsecount="0"/>
          <line num="371" count="2" type="stmt"/>
          <line num="373" count="25" type="stmt"/>
          <line num="376" count="27" type="stmt"/>
          <line num="384" count="0" type="stmt"/>
          <line num="401" count="27" type="stmt"/>
          <line num="402" count="169" type="cond" truecount="1" falsecount="1"/>
          <line num="403" count="169" type="stmt"/>
          <line num="404" count="169" type="cond" truecount="2" falsecount="0"/>
          <line num="405" count="27" type="stmt"/>
          <line num="410" count="0" type="stmt"/>
          <line num="427" count="27" type="stmt"/>
          <line num="428" count="27" type="cond" truecount="2" falsecount="0"/>
          <line num="429" count="2" type="stmt"/>
          <line num="432" count="27" type="stmt"/>
          <line num="450" count="38" type="stmt"/>
          <line num="451" count="38" type="stmt"/>
          <line num="452" count="38" type="stmt"/>
          <line num="453" count="39" type="cond" truecount="1" falsecount="1"/>
          <line num="455" count="39" type="cond" truecount="2" falsecount="0"/>
          <line num="457" count="38" type="stmt"/>
          <line num="458" count="38" type="cond" truecount="1" falsecount="1"/>
          <line num="459" count="38" type="stmt"/>
          <line num="461" count="38" type="stmt"/>
          <line num="464" count="1" type="stmt"/>
          <line num="470" count="38" type="stmt"/>
          <line num="484" count="0" type="cond" truecount="0" falsecount="2"/>
          <line num="486" count="0" type="stmt"/>
          <line num="487" count="0" type="stmt"/>
          <line num="488" count="0" type="stmt"/>
          <line num="489" count="0" type="stmt"/>
          <line num="490" count="0" type="cond" truecount="0" falsecount="2"/>
          <line num="492" count="0" type="stmt"/>
          <line num="494" count="0" type="stmt"/>
          <line num="495" count="0" type="stmt"/>
          <line num="497" count="0" type="cond" truecount="0" falsecount="2"/>
          <line num="498" count="0" type="stmt"/>
          <line num="499" count="0" type="stmt"/>
          <line num="500" count="0" type="cond" truecount="0" falsecount="2"/>
          <line num="501" count="0" type="stmt"/>
          <line num="503" count="0" type="stmt"/>
          <line num="505" count="0" type="stmt"/>
          <line num="510" count="0" type="stmt"/>
          <line num="511" count="0" type="stmt"/>
          <line num="512" count="0" type="stmt"/>
          <line num="516" count="0" type="stmt"/>
        </file>
      </package>
      <package name="src.logger">
        <metrics statements="31" coveredstatements="21" conditionals="8" coveredconditionals="3" methods="9" coveredmethods="3"/>
        <file name="logger.ts" path="/Users/rschultz/dev/github/log4js2/src/logger/logger.ts">
          <metrics statements="31" coveredstatements="21" conditionals="8" coveredconditionals="3" methods="9" coveredmethods="3"/>
          <line num="2" count="1" type="stmt"/>
          <line num="4" count="1" type="stmt"/>
          <line num="6" count="1" type="stmt"/>
          <line num="13" count="1" type="stmt"/>
          <line num="15" count="1" type="stmt"/>
          <line num="17" count="1" type="stmt"/>
          <line num="18" count="1" type="stmt"/>
          <line num="29" count="0" type="stmt"/>
          <line num="39" count="0" type="stmt"/>
          <line num="49" count="1" type="stmt"/>
          <line num="59" count="0" type="stmt"/>
          <line num="69" count="0" type="stmt"/>
          <line num="82" count="1" type="stmt"/>
          <line num="83" count="1" type="stmt"/>
          <line num="86" count="1" type="stmt"/>
          <line num="87" count="1" type="stmt"/>
          <line num="89" count="1" type="stmt"/>
          <line num="92" count="1" type="stmt"/>
          <line num="107" count="1" type="stmt"/>
          <line num="108" count="1" type="stmt"/>
          <line num="110" count="4" type="cond" truecount="2" falsecount="0"/>
          <line num="111" count="1" type="stmt"/>
          <line num="112" count="3" type="cond" truecount="1" falsecount="1"/>
          <line num="113" count="3" type="stmt"/>
          <line num="114" count="0" type="cond" truecount="0" falsecount="2"/>
          <line num="115" count="0" type="stmt"/>
          <line num="116" count="0" type="cond" truecount="0" falsecount="2"/>
          <line num="117" count="0" type="stmt"/>
          <line num="119" count="0" type="stmt"/>
          <line num="124" count="1" type="stmt"/>
          <line num="137" count="0" type="stmt"/>
        </file>
      </package>
      <package name="src.util">
        <metrics statements="6" coveredstatements="6" conditionals="6" coveredconditionals="6" methods="2" coveredmethods="2"/>
        <file name="utility.ts" path="/Users/rschultz/dev/github/log4js2/src/util/utility.ts">
          <metrics statements="6" coveredstatements="6" conditionals="6" coveredconditionals="6" methods="2" coveredmethods="2"/>
          <line num="9" count="2" type="stmt"/>
          <line num="12" count="2" type="stmt"/>
          <line num="13" count="2" type="stmt"/>
          <line num="16" count="2" type="cond" truecount="4" falsecount="0"/>
          <line num="26" count="2" type="stmt"/>
          <line num="27" count="1" type="cond" truecount="2" falsecount="0"/>
        </file>
      </package>
    </metrics>
  </project>
</coverage>
