TN:
SF:/Users/rschultz/dev/github/log4js2/src/log4js.ts
FN:20,(anonymous_0)
FN:32,(anonymous_1)
FN:56,configure
FN:89,(anonymous_3)
FN:110,(anonymous_4)
FN:116,(anonymous_5)
FN:141,(anonymous_6)
FN:145,(anonymous_7)
FN:167,(anonymous_8)
FN:189,(anonymous_9)
FN:203,(anonymous_10)
FN:219,_append
FN:225,(anonymous_12)
FN:242,getLogger
FN:284,setLogLevel
FN:290,(anonymous_15)
FN:295,(anonymous_16)
FNF:17
FNH:8
FNDA:1,(anonymous_0)
FNDA:1,(anonymous_1)
FNDA:1,configure
FNDA:1,(anonymous_3)
FNDA:0,(anonymous_4)
FNDA:0,(anonymous_5)
FNDA:0,(anonymous_6)
FNDA:0,(anonymous_7)
FNDA:1,(anonymous_8)
FNDA:1,(anonymous_9)
FNDA:0,(anonymous_10)
FNDA:1,_append
FNDA:0,(anonymous_12)
FNDA:2,getLogger
FNDA:0,setLogLevel
FNDA:0,(anonymous_15)
FNDA:0,(anonymous_16)
DA:1,1
DA:5,1
DA:7,1
DA:8,1
DA:14,1
DA:20,1
DA:21,1
DA:32,1
DA:41,1
DA:43,1
DA:45,1
DA:48,1
DA:56,1
DA:58,1
DA:59,0
DA:60,0
DA:63,1
DA:64,1
DA:68,1
DA:69,0
DA:70,1
DA:71,1
DA:75,1
DA:77,0
DA:89,1
DA:91,1
DA:92,0
DA:95,1
DA:96,1
DA:97,1
DA:110,1
DA:112,0
DA:113,0
DA:116,0
DA:118,0
DA:119,0
DA:122,0
DA:123,0
DA:125,0
DA:141,1
DA:143,0
DA:145,0
DA:147,0
DA:149,0
DA:150,0
DA:152,0
DA:156,0
DA:167,1
DA:169,1
DA:171,0
DA:174,0
DA:175,0
DA:189,1
DA:193,1
DA:194,0
DA:195,1
DA:196,1
DA:200,0
DA:203,0
DA:204,0
DA:205,0
DA:222,1
DA:225,1
DA:226,0
DA:227,0
DA:242,1
DA:245,2
DA:246,1
DA:250,1
DA:252,1
DA:253,0
DA:254,1
DA:256,0
DA:258,0
DA:259,0
DA:263,1
DA:268,1
DA:270,1
DA:284,1
DA:286,0
DA:288,0
DA:289,0
DA:290,0
DA:293,0
DA:294,0
DA:295,0
LF:86
LH:45
BRDA:58,0,0,0
BRDA:58,0,1,1
BRDA:63,1,0,1
BRDA:63,1,1,0
BRDA:68,2,0,0
BRDA:68,2,1,1
BRDA:68,3,0,1
BRDA:68,3,1,0
BRDA:70,4,0,1
BRDA:70,4,1,0
BRDA:91,5,0,0
BRDA:91,5,1,1
BRDA:97,6,0,1
BRDA:97,6,1,0
BRDA:112,7,0,0
BRDA:112,7,1,0
BRDA:118,8,0,0
BRDA:118,8,1,0
BRDA:118,9,0,0
BRDA:118,9,1,0
BRDA:122,10,0,0
BRDA:122,10,1,0
BRDA:123,11,0,0
BRDA:123,11,1,0
BRDA:171,12,0,0
BRDA:171,12,1,0
BRDA:171,12,2,0
BRDA:174,13,0,0
BRDA:174,13,1,0
BRDA:193,14,0,0
BRDA:193,14,1,1
BRDA:195,15,0,1
BRDA:195,15,1,0
BRDA:204,16,0,0
BRDA:204,16,1,0
BRDA:204,17,0,0
BRDA:204,17,1,0
BRDA:225,18,0,1
BRDA:225,18,1,1
BRDA:226,19,0,0
BRDA:226,19,1,0
BRDA:245,20,0,1
BRDA:245,20,1,1
BRDA:250,21,0,1
BRDA:250,21,1,0
BRDA:252,22,0,0
BRDA:252,22,1,1
BRDA:254,23,0,0
BRDA:254,23,1,1
BRDA:258,24,0,0
BRDA:258,24,1,0
BRDA:286,25,0,0
BRDA:286,25,1,0
BRDA:288,26,0,0
BRDA:288,26,1,0
BRDA:289,27,0,0
BRDA:289,27,1,0
BRDA:294,28,0,0
BRDA:294,28,1,0
BRF:59
BRH:16
end_of_record
TN:
SF:/Users/rschultz/dev/github/log4js2/src/marker.ts
FN:27,(anonymous_0)
FN:8,(anonymous_1)
FN:35,(anonymous_2)
FN:43,(anonymous_3)
FN:50,(anonymous_4)
FN:60,(anonymous_5)
FN:68,(anonymous_6)
FN:76,(anonymous_7)
FNF:8
FNH:0
FNDA:0,(anonymous_0)
FNDA:0,(anonymous_1)
FNDA:0,(anonymous_2)
FNDA:0,(anonymous_3)
FNDA:0,(anonymous_4)
FNDA:0,(anonymous_5)
FNDA:0,(anonymous_6)
FNDA:0,(anonymous_7)
DA:1,1
DA:10,0
DA:11,0
DA:14,0
DA:18,1
DA:20,0
DA:28,0
DA:36,0
DA:45,0
DA:46,0
DA:49,0
DA:50,0
DA:52,0
DA:61,0
DA:69,0
DA:78,0
DA:80,0
DA:81,0
DA:82,0
LF:19
LH:2
BRDA:10,0,0,0
BRDA:10,0,1,0
BRDA:45,1,0,0
BRDA:45,1,1,0
BRF:4
BRH:0
end_of_record
TN:
SF:/Users/rschultz/dev/github/log4js2/src/appender/appender.ts
FN:11,(anonymous_0)
FN:24,(anonymous_1)
FN:32,(anonymous_2)
FN:40,(anonymous_3)
FN:48,(anonymous_4)
FN:56,(anonymous_5)
FN:64,(anonymous_6)
FN:72,(anonymous_7)
FNF:8
FNH:0
FNDA:0,(anonymous_0)
FNDA:0,(anonymous_1)
FNDA:0,(anonymous_2)
FNDA:0,(anonymous_3)
FNDA:0,(anonymous_4)
FNDA:0,(anonymous_5)
FNDA:0,(anonymous_6)
FNDA:0,(anonymous_7)
DA:2,1
DA:5,1
DA:12,0
DA:25,0
DA:41,0
DA:49,0
DA:57,0
DA:65,0
DA:73,0
LF:9
LH:2
BRF:0
BRH:0
end_of_record
TN:
SF:/Users/rschultz/dev/github/log4js2/src/const/log.level.ts
FN:1,(anonymous_0)
FNF:1
FNH:1
FNDA:2,(anonymous_0)
DA:1,2
DA:2,2
DA:3,2
DA:4,2
DA:5,2
DA:6,2
DA:7,2
DA:8,2
DA:9,2
LF:9
LH:9
BRDA:1,0,0,2
BRDA:1,0,1,2
BRF:2
BRH:2
end_of_record
TN:
SF:/Users/rschultz/dev/github/log4js2/src/layout/date.formatter.ts
FN:15,(anonymous_0)
FN:26,(anonymous_1)
FN:46,(anonymous_2)
FN:47,(anonymous_3)
FN:48,(anonymous_4)
FN:49,(anonymous_5)
FN:50,(anonymous_6)
FN:51,(anonymous_7)
FN:52,(anonymous_8)
FN:53,(anonymous_9)
FN:54,(anonymous_10)
FN:55,(anonymous_11)
FN:56,(anonymous_12)
FN:57,(anonymous_13)
FN:58,(anonymous_14)
FN:59,(anonymous_15)
FN:60,(anonymous_16)
FN:61,(anonymous_17)
FN:62,(anonymous_18)
FN:63,(anonymous_19)
FN:64,(anonymous_20)
FN:65,(anonymous_21)
FN:66,(anonymous_22)
FN:67,(anonymous_23)
FN:68,(anonymous_24)
FN:69,(anonymous_25)
FN:70,(anonymous_26)
FN:77,_createMask
FN:114,(anonymous_28)
FN:127,(anonymous_29)
FNF:30
FNH:30
FNDA:76,(anonymous_0)
FNDA:3,(anonymous_1)
FNDA:1,(anonymous_2)
FNDA:14,(anonymous_3)
FNDA:4,(anonymous_4)
FNDA:1,(anonymous_5)
FNDA:1,(anonymous_6)
FNDA:10,(anonymous_7)
FNDA:2,(anonymous_8)
FNDA:4,(anonymous_9)
FNDA:2,(anonymous_10)
FNDA:15,(anonymous_11)
FNDA:2,(anonymous_12)
FNDA:2,(anonymous_13)
FNDA:1,(anonymous_14)
FNDA:12,(anonymous_15)
FNDA:1,(anonymous_16)
FNDA:12,(anonymous_17)
FNDA:1,(anonymous_18)
FNDA:12,(anonymous_19)
FNDA:12,(anonymous_20)
FNDA:2,(anonymous_21)
FNDA:2,(anonymous_22)
FNDA:2,(anonymous_23)
FNDA:2,(anonymous_24)
FNDA:2,(anonymous_25)
FNDA:2,(anonymous_26)
FNDA:49,_createMask
FNDA:49,(anonymous_28)
FNDA:186,(anonymous_29)
DA:3,3
DA:4,3
DA:15,3
DA:17,76
DA:18,76
DA:19,15
DA:22,76
DA:26,3
DA:27,3
DA:28,3
DA:29,3
DA:30,3
DA:31,3
DA:32,3
DA:35,3
DA:43,3
DA:44,3
DA:46,1
DA:47,14
DA:48,4
DA:49,1
DA:50,1
DA:51,10
DA:52,2
DA:53,4
DA:54,2
DA:55,15
DA:56,2
DA:57,2
DA:58,1
DA:59,12
DA:60,1
DA:61,12
DA:62,1
DA:63,12
DA:64,12
DA:65,2
DA:66,2
DA:67,2
DA:68,2
DA:69,2
DA:71,2
DA:72,2
DA:79,49
DA:80,16
DA:83,33
DA:84,33
DA:86,33
DA:91,33
DA:93,108
DA:94,108
DA:96,108
DA:98,108
DA:102,33
DA:104,33
DA:114,3
DA:116,49
DA:117,1
DA:120,49
DA:122,49
DA:123,49
DA:124,4
DA:127,49
DA:128,186
LF:64
LH:64
BRDA:15,0,0,12
BRDA:26,1,0,3
BRDA:26,1,1,3
BRDA:54,2,0,1
BRDA:54,2,1,1
BRDA:55,3,0,1
BRDA:55,3,1,14
BRDA:56,4,0,2
BRDA:56,4,1,1
BRDA:57,5,0,2
BRDA:57,5,1,1
BRDA:65,6,0,1
BRDA:65,6,1,1
BRDA:66,7,0,1
BRDA:66,7,1,1
BRDA:67,8,0,1
BRDA:67,8,1,1
BRDA:68,9,0,1
BRDA:68,9,1,1
BRDA:69,10,0,1
BRDA:69,10,1,1
BRDA:71,11,0,1
BRDA:71,11,1,1
BRDA:72,12,0,1
BRDA:72,12,1,1
BRDA:79,13,0,16
BRDA:79,13,1,33
BRDA:96,14,0,108
BRDA:96,14,1,33
BRDA:116,15,0,1
BRDA:116,15,1,48
BRDA:120,16,0,49
BRDA:120,16,1,5
BRDA:123,17,0,4
BRDA:123,17,1,45
BRDA:128,18,0,121
BRDA:128,18,1,65
BRF:37
BRH:37
end_of_record
TN:
SF:/Users/rschultz/dev/github/log4js2/src/layout/formatter.ts
FN:19,(anonymous_0)
FN:32,(anonymous_1)
FN:66,(anonymous_2)
FN:79,(anonymous_3)
FN:91,(anonymous_4)
FN:99,(anonymous_5)
FN:119,(anonymous_6)
FN:137,(anonymous_7)
FN:155,(anonymous_8)
FN:174,(anonymous_9)
FN:206,(anonymous_10)
FN:218,(anonymous_11)
FN:227,(anonymous_12)
FN:239,(anonymous_13)
FN:269,(anonymous_14)
FN:281,(anonymous_15)
FN:296,(anonymous_16)
FN:316,(anonymous_17)
FN:356,(anonymous_18)
FN:398,(anonymous_19)
FN:425,(anonymous_20)
FN:429,(anonymous_21)
FN:447,(anonymous_22)
FN:482,(anonymous_23)
FNF:24
FNH:21
FNDA:0,(anonymous_0)
FNDA:38,(anonymous_1)
FNDA:2,(anonymous_2)
FNDA:4,(anonymous_3)
FNDA:3,(anonymous_4)
FNDA:69,(anonymous_5)
FNDA:2,(anonymous_6)
FNDA:2,(anonymous_7)
FNDA:0,(anonymous_8)
FNDA:3,(anonymous_9)
FNDA:3,(anonymous_10)
FNDA:2,(anonymous_11)
FNDA:1,(anonymous_12)
FNDA:12,(anonymous_13)
FNDA:2,(anonymous_14)
FNDA:2,(anonymous_15)
FNDA:38,(anonymous_16)
FNDA:27,(anonymous_17)
FNDA:27,(anonymous_18)
FNDA:27,(anonymous_19)
FNDA:27,(anonymous_20)
FNDA:2,(anonymous_21)
FNDA:38,(anonymous_22)
FNDA:0,(anonymous_23)
DA:1,2
DA:2,2
DA:4,2
DA:5,2
DA:9,2
DA:20,0
DA:33,38
DA:36,2
DA:53,2
DA:56,2
DA:67,2
DA:80,4
DA:93,3
DA:95,3
DA:97,3
DA:98,3
DA:99,69
DA:100,0
DA:101,0
DA:106,3
DA:121,2
DA:122,0
DA:125,2
DA:139,2
DA:140,0
DA:143,2
DA:157,0
DA:158,0
DA:161,0
DA:176,3
DA:177,3
DA:179,3
DA:180,3
DA:181,6
DA:182,0
DA:183,0
DA:186,6
DA:190,3
DA:194,0
DA:207,3
DA:219,2
DA:228,1
DA:241,12
DA:244,2
DA:246,2
DA:248,2
DA:250,2
DA:252,2
DA:255,2
DA:270,2
DA:282,2
DA:298,38
DA:299,11
DA:302,27
DA:318,27
DA:319,27
DA:320,27
DA:322,27
DA:323,1
DA:326,27
DA:328,27
DA:329,27
DA:331,27
DA:332,27
DA:334,0
DA:337,27
DA:342,27
DA:344,27
DA:358,27
DA:359,27
DA:361,27
DA:362,27
DA:363,0
DA:366,27
DA:368,27
DA:369,27
DA:370,27
DA:371,2
DA:373,25
DA:376,27
DA:384,0
DA:401,27
DA:402,169
DA:403,169
DA:404,169
DA:405,27
DA:410,0
DA:427,27
DA:428,27
DA:429,2
DA:432,27
DA:450,38
DA:451,38
DA:452,38
DA:453,39
DA:455,39
DA:457,38
DA:458,38
DA:459,38
DA:461,38
DA:464,1
DA:470,38
DA:484,0
DA:486,0
DA:487,0
DA:488,0
DA:489,0
DA:490,0
DA:492,0
DA:494,0
DA:495,0
DA:497,0
DA:498,0
DA:499,0
DA:500,0
DA:501,0
DA:503,0
DA:505,0
DA:510,0
DA:511,0
DA:512,0
DA:516,0
LF:122
LH:87
BRDA:95,0,0,3
BRDA:95,0,1,0
BRDA:97,1,0,3
BRDA:97,1,1,0
BRDA:100,2,0,0
BRDA:100,2,1,0
BRDA:100,3,0,0
BRDA:100,3,1,0
BRDA:121,4,0,0
BRDA:121,4,1,2
BRDA:139,5,0,0
BRDA:139,5,1,2
BRDA:157,6,0,0
BRDA:157,6,1,0
BRDA:177,7,0,3
BRDA:177,7,1,0
BRDA:181,8,0,0
BRDA:181,8,1,6
BRDA:182,9,0,0
BRDA:182,9,1,0
BRDA:243,10,0,2
BRDA:243,10,1,2
BRDA:243,10,2,2
BRDA:243,10,3,2
BRDA:243,10,4,2
BRDA:243,10,5,2
BRDA:243,10,6,2
BRDA:298,11,0,11
BRDA:298,11,1,27
BRDA:322,12,0,1
BRDA:322,12,1,26
BRDA:331,13,0,27
BRDA:331,13,1,0
BRDA:359,14,0,27
BRDA:359,14,1,0
BRDA:359,15,0,27
BRDA:359,15,1,27
BRDA:362,16,0,0
BRDA:362,16,1,27
BRDA:370,17,0,2
BRDA:370,17,1,25
BRDA:402,18,0,169
BRDA:402,18,1,0
BRDA:404,19,0,27
BRDA:404,19,1,142
BRDA:428,20,0,2
BRDA:428,20,1,25
BRDA:453,21,0,39
BRDA:453,21,1,0
BRDA:455,22,0,38
BRDA:455,22,1,1
BRDA:458,23,0,38
BRDA:458,23,1,0
BRDA:484,24,0,0
BRDA:484,24,1,0
BRDA:490,25,0,0
BRDA:490,25,1,0
BRDA:497,26,0,0
BRDA:497,26,1,0
BRDA:500,27,0,0
BRDA:500,27,1,0
BRF:61
BRH:33
end_of_record
TN:
SF:/Users/rschultz/dev/github/log4js2/src/logger/logger.ts
FN:13,(anonymous_0)
FN:28,(anonymous_1)
FN:38,(anonymous_2)
FN:48,(anonymous_3)
FN:58,(anonymous_4)
FN:68,(anonymous_5)
FN:80,(anonymous_6)
FN:136,(anonymous_7)
FN:137,(anonymous_8)
FNF:9
FNH:3
FNDA:1,(anonymous_0)
FNDA:0,(anonymous_1)
FNDA:0,(anonymous_2)
FNDA:1,(anonymous_3)
FNDA:0,(anonymous_4)
FNDA:0,(anonymous_5)
FNDA:1,(anonymous_6)
FNDA:0,(anonymous_7)
FNDA:0,(anonymous_8)
DA:2,1
DA:4,1
DA:6,1
DA:13,1
DA:15,1
DA:17,1
DA:18,1
DA:29,0
DA:39,0
DA:49,1
DA:59,0
DA:69,0
DA:82,1
DA:83,1
DA:86,1
DA:87,1
DA:89,1
DA:92,1
DA:107,1
DA:108,1
DA:110,4
DA:111,1
DA:112,3
DA:113,3
DA:114,0
DA:115,0
DA:116,0
DA:117,0
DA:119,0
DA:124,1
DA:137,0
LF:31
LH:21
BRDA:110,0,0,1
BRDA:110,0,1,3
BRDA:112,1,0,3
BRDA:112,1,1,0
BRDA:114,2,0,0
BRDA:114,2,1,0
BRDA:116,3,0,0
BRDA:116,3,1,0
BRF:8
BRH:3
end_of_record
TN:
SF:/Users/rschultz/dev/github/log4js2/src/util/utility.ts
FN:9,(anonymous_0)
FN:26,(anonymous_1)
FNF:2
FNH:2
FNDA:2,(anonymous_0)
FNDA:1,(anonymous_1)
DA:9,2
DA:12,2
DA:13,2
DA:16,2
DA:26,2
DA:27,1
LF:6
LH:6
BRDA:16,0,0,1
BRDA:16,0,1,1
BRDA:16,1,0,2
BRDA:16,1,1,1
BRDA:27,2,0,1
BRDA:27,2,1,1
BRF:6
BRH:6
end_of_record
